<?xml version="1.0" encoding="UTF-8"?>
<!-- Generated by org.testng.reporters.JUnitReportReporter -->
<testsuite hostname="PF3LTHZW" failures="0" tests="1" name="e2eproject.base.demo" time="0.003" errors="0" timestamp="2025-02-17T16:00:01 ICT" skipped="0">
  <testcase classname="e2eproject.base.demo" name="test" time="0.003"/>
  <system-out/>
</testsuite> <!-- e2eproject.base.demo -->
