<?xml version="1.0" encoding="UTF-8"?>
<!-- Generated by org.testng.reporters.JUnitReportReporter -->
<testsuite hostname="PF3LTHZW" failures="0" tests="1" name="e2eproject.base.Login" time="18.233" errors="0" timestamp="2025-02-18T14:30:48 ICT" skipped="0">
  <testcase classname="e2eproject.base.Login" name="signIn" time="18.233"/>
  <system-out/>
</testsuite> <!-- e2eproject.base.Login -->
